2025-06-27 14:18:46,460 [   3121]   WARN - #c.i.s.c.i.StationSocketConnectionLoop - Discovery connection failed with NoSuchFileException (/run/user/1000/jb.station.sock)
2025-06-27 14:18:53,021 [   9682]   WARN - #o.j.k.i.s.r.KotlinCompilerReferenceIndexStorage - kotlin-data-container is not found
2025-06-27 14:19:28,050 [  44711]   WARN - #o.j.k.i.s.r.KotlinCompilerReferenceIndexStorage - kotlin-data-container is not found
2025-06-27 14:25:17,556 [ 394217]   WARN - #c.i.i.f.i.FTManager - Duplicate bundled template HTML File.html [HTML File: html (fileTemplates/internal/HTML File.html.ft), HTML File: html (fileTemplates/internal/HTML File.html.ft)]
2025-06-27 14:26:36,025 [ 472686]   WARN - org.apache.velocity.deprecation - configuration key 'resource.loader' has been deprecated in favor of 'resource.loaders'
2025-06-27 14:26:36,026 [ 472687]   WARN - org.apache.velocity.deprecation - configuration key 'includes.resource.loader.instance' has been deprecated in favor of 'resource.loader.includes.instance'
2025-06-27 14:29:52,302 [ 668963]   WARN - org.apache.velocity.deprecation - configuration key 'resource.loader' has been deprecated in favor of 'resource.loaders'
2025-06-27 14:29:52,303 [ 668964]   WARN - org.apache.velocity.deprecation - configuration key 'includes.resource.loader.class' has been deprecated in favor of 'resource.loader.includes.class'
2025-06-27 14:44:02,919 [1519580]   WARN - #c.i.o.o.e.ConfigurableExtensionPointUtil - ignore deprecated groupId: language for id: preferences.language.Kotlin.scripting
2025-06-27 14:44:02,920 [1519581]   WARN - #c.i.o.o.e.ConfigurableExtensionPointUtil - ignore deprecated groupId: tools for id: kotlinNotebook.newNotebook
2025-06-27 14:44:03,749 [1520410]   WARN - #c.i.i.u.UIThemeBean - Unknown field: CombinedDiff
2025-06-27 14:44:03,749 [1520410]   WARN - #c.i.i.u.UIThemeBean - Unknown field: BlockBorder
2025-06-27 14:44:31,691 [1548352]   WARN - #c.i.o.v.n.p.PersistentFSImpl - file[712, flags: 4]: top parent (id: 472, name: 'util-8.jar', flags: 774 parent: 0), is still not in the idToDirCache. path: [711, 472] [/util-8.jar/kotlin], cachedRoots.size(=200), roots.size(=200), pfs.roots.contains(472)=false, fs.roots.contains(472)=true, non-cached roots: 0, cached non-roots: 0, FS roots not PFS roots: 152: 

2025-06-27 14:44:33,357 [1550018]   WARN - #c.i.j.w.n.WebTypesNpmLoader - Failed to fetch packages for '@web-types' (Full Text): Request failed with status code 429
2025-06-27 16:12:02,318 [6798979]   WARN - #git4idea.annotate.GitAnnotationProvider - Git annotations are empty for file /home/navadeep/Documents/Projects/SeaWave/server/InventoryService/src/main/resources/db/migration/V2__add_ticket_price_to_event.sql in revision 5d44d09f270cbfbc58b3ecdbb89e449f9d28289e
2025-06-27 16:16:03,680 [7040341]   WARN - #o.j.k.i.s.r.KotlinCompilerReferenceIndexStorage - kotlin-data-container is not found
2025-06-27 17:55:15,292 [12991953]   WARN - #o.j.k.i.s.r.KotlinCompilerReferenceIndexStorage - kotlin-data-container is not found
2025-06-27 18:15:31,537 [14208198]   WARN - #o.j.k.i.s.r.KotlinCompilerReferenceIndexStorage - kotlin-data-container is not found
2025-06-27 18:15:54,408 [14231069]   WARN - #o.j.k.i.s.r.KotlinCompilerReferenceIndexStorage - kotlin-data-container is not found
2025-06-27 18:34:31,148 [15347809]   WARN - #o.j.k.i.s.r.KotlinCompilerReferenceIndexStorage - kotlin-data-container is not found
2025-06-27 18:39:23,826 [15640487]   WARN - #o.j.k.i.s.r.KotlinCompilerReferenceIndexStorage - kotlin-data-container is not found
2025-06-27 18:47:21,040 [16117701]   WARN - #o.j.k.i.s.r.KotlinCompilerReferenceIndexStorage - kotlin-data-container is not found
2025-06-27 18:48:02,894 [16159555]   WARN - #o.j.k.i.s.r.KotlinCompilerReferenceIndexStorage - kotlin-data-container is not found
2025-06-27 18:48:10,942 [16167603]   WARN - #o.j.k.i.s.r.KotlinCompilerReferenceIndexStorage - kotlin-data-container is not found
